#
# There is insufficient memory for the Java Runtime Environment to continue.
# Native memory allocation (malloc) failed to allocate 1500480 bytes for Chunk::new
# Possible reasons:
#   The system is out of physical RAM or swap space
#   In 32 bit mode, the process size limit was hit
# Possible solutions:
#   Reduce memory load on the system
#   Increase physical memory or swap space
#   Check if swap backing store is full
#   Use 64 bit Java on a 64 bit OS
#   Decrease Java heap size (-Xmx/-Xms)
#   Decrease number of Java threads
#   Decrease Java thread stack sizes (-Xss)
#   Set larger code cache with -XX:ReservedCodeCacheSize=
# This output file may be truncated or incomplete.
#
#  Out of Memory Error (allocation.cpp:390), pid=18228, tid=0x0000000000001998
#
# JRE version: OpenJDK Runtime Environment (8.0_152-b02) (build 1.8.0_152-release-1024-b02)
# Java VM: OpenJDK 64-Bit Server VM (25.152-b02 mixed mode windows-amd64 compressed oops)
# Failed to write core dump. Minidumps are not enabled by default on client versions of Windows
#

---------------  T H R E A D  ---------------

Current thread (0x0000000018792800):  JavaThread "C2 CompilerThread1" daemon [_thread_in_native, id=6552, stack(0x0000000019080000,0x0000000019180000)]

Stack: [0x0000000019080000,0x0000000019180000]
[error occurred during error reporting (printing stack bounds), id 0xc0000005]

Native frames: (J=compiled Java code, j=interpreted, Vv=VM code, C=native code)


Current CompileTask:
C2:19888180 31478       4       org.gradle.api.internal.artifacts.ivyservice.resolveengine.artifact.ResolvedArtifactsGraphVisitor::getArtifacts (189 bytes)


---------------  P R O C E S S  ---------------

Java Threads: ( => current thread )
  0x000000001e26f000 JavaThread "Task worker for ':' Thread 7" [_thread_blocked, id=11400, stack(0x0000000039570000,0x0000000039670000)]
  0x000000001e272800 JavaThread "Task worker for ':' Thread 6" [_thread_blocked, id=488, stack(0x0000000039470000,0x0000000039570000)]
  0x000000001e267800 JavaThread "Task worker for ':' Thread 5" [_thread_blocked, id=17676, stack(0x0000000039370000,0x0000000039470000)]
  0x000000001e266800 JavaThread "Task worker for ':' Thread 4" [_thread_blocked, id=22196, stack(0x0000000039270000,0x0000000039370000)]
  0x000000001e26d800 JavaThread "Task worker for ':' Thread 3" [_thread_in_native, id=11044, stack(0x0000000039170000,0x0000000039270000)]
  0x000000001e265000 JavaThread "Task worker for ':' Thread 2" [_thread_blocked, id=13692, stack(0x0000000039070000,0x0000000039170000)]
  0x000000001e26c000 JavaThread "Task worker for ':'" [_thread_blocked, id=20740, stack(0x0000000038f70000,0x0000000039070000)]
  0x000000001e264800 JavaThread "Cache worker for Build Output Cleanup Cache (C:\Users\Roland\AndroidStudioProjects\FreeWorkout\.gradle\buildOutputCleanup)" [_thread_blocked, id=19160, stack(0x0000000038e70000,0x0000000038f70000)]
  0x000000001e268000 JavaThread "Cache worker for task history cache (C:\Users\Roland\AndroidStudioProjects\FreeWorkout\.gradle\4.4\taskHistory)" [_thread_blocked, id=17836, stack(0x0000000038d70000,0x0000000038e70000)]
  0x000000001e26b000 JavaThread "Cache worker for file content cache (C:\Users\Roland\AndroidStudioProjects\FreeWorkout\.gradle\4.4\fileContent)" [_thread_blocked, id=19624, stack(0x0000000038c70000,0x0000000038d70000)]
  0x000000001e26a800 JavaThread "build operations Thread 8" [_thread_blocked, id=1544, stack(0x0000000038b70000,0x0000000038c70000)]
  0x000000001e266000 JavaThread "build operations Thread 7" [_thread_blocked, id=18000, stack(0x0000000038a70000,0x0000000038b70000)]
  0x000000001e263800 JavaThread "build operations Thread 6" [_thread_blocked, id=18888, stack(0x0000000038970000,0x0000000038a70000)]
  0x0000000028c06000 JavaThread "build operations Thread 5" [_thread_blocked, id=14416, stack(0x0000000038870000,0x0000000038970000)]
  0x0000000028c03800 JavaThread "build operations Thread 4" [_thread_blocked, id=20560, stack(0x0000000038770000,0x0000000038870000)]
  0x0000000028c03000 JavaThread "build operations Thread 3" [_thread_blocked, id=21372, stack(0x0000000038670000,0x0000000038770000)]
  0x0000000028c07800 JavaThread "build operations Thread 2" [_thread_blocked, id=23220, stack(0x0000000038570000,0x0000000038670000)]
  0x0000000028bfa000 JavaThread "build operations" [_thread_blocked, id=21240, stack(0x0000000038470000,0x0000000038570000)]
  0x0000000028c00000 JavaThread "Cache worker for Artifact transforms cache (C:\Users\Roland\.gradle\caches\transforms-1)" [_thread_blocked, id=13924, stack(0x0000000038370000,0x0000000038470000)]
  0x0000000028bfd800 JavaThread "Cache worker for file hash cache (C:\Users\Roland\AndroidStudioProjects\FreeWorkout\.gradle\4.4\fileHashes)" [_thread_blocked, id=23132, stack(0x0000000038270000,0x0000000038370000)]
  0x0000000028c00800 JavaThread "Stdin handler" [_thread_blocked, id=10356, stack(0x0000000038170000,0x0000000038270000)]
  0x0000000028bff000 JavaThread "Asynchronous log dispatcher for DefaultDaemonConnection: socket connection from /127.0.0.1:54218 to /127.0.0.1:61746" [_thread_blocked, id=2732, stack(0x0000000038070000,0x0000000038170000)]
  0x0000000028bf8800 JavaThread "Daemon worker Thread 24" [_thread_blocked, id=22996, stack(0x0000000037f70000,0x0000000038070000)]
  0x0000000028bfb800 JavaThread "Cancel handler" [_thread_blocked, id=19780, stack(0x0000000037e70000,0x0000000037f70000)]
  0x0000000028bfe800 JavaThread "Handler for socket connection from /127.0.0.1:54218 to /127.0.0.1:61746" [_thread_in_native, id=22776, stack(0x0000000037d70000,0x0000000037e70000)]
  0x0000000028bfd000 JavaThread "Daemon Thread 24" [_thread_blocked, id=6024, stack(0x0000000037c70000,0x0000000037d70000)]
  0x000000001c6c4000 JavaThread "Memory manager" [_thread_blocked, id=18044, stack(0x00000000222c0000,0x00000000223c0000)]
  0x000000001c6bf800 JavaThread "pool-1-thread-1" [_thread_blocked, id=12800, stack(0x0000000021fc0000,0x00000000220c0000)]
  0x000000001aa66800 JavaThread "File lock request listener" [_thread_in_native, id=11512, stack(0x000000001c200000,0x000000001c300000)]
  0x000000001a75e800 JavaThread "Cache worker for file hash cache (C:\Users\Roland\.gradle\caches\4.4\fileHashes)" [_thread_blocked, id=15116, stack(0x000000001c100000,0x000000001c200000)]
  0x000000001a5fb800 JavaThread "Daemon periodic checks" [_thread_blocked, id=19128, stack(0x000000001b500000,0x000000001b600000)]
  0x000000001a5f8800 JavaThread "Incoming local TCP Connector on port 54218" [_thread_in_native, id=13384, stack(0x000000001b290000,0x000000001b390000)]
  0x000000001881e000 JavaThread "Service Thread" daemon [_thread_blocked, id=19144, stack(0x0000000019380000,0x0000000019480000)]
  0x000000001879a000 JavaThread "C1 CompilerThread3" daemon [_thread_blocked, id=3856, stack(0x0000000019280000,0x0000000019380000)]
  0x0000000018797000 JavaThread "C2 CompilerThread2" daemon [_thread_blocked, id=16736, stack(0x0000000019180000,0x0000000019280000)]
=>0x0000000018792800 JavaThread "C2 CompilerThread1" daemon [_thread_in_native, id=6552, stack(0x0000000019080000,0x0000000019180000)]
  0x000000001878d800 JavaThread "C2 CompilerThread0" daemon [_thread_blocked, id=2408, stack(0x0000000018f80000,0x0000000019080000)]
  0x000000001878c800 JavaThread "Attach Listener" daemon [_thread_blocked, id=11140, stack(0x0000000018e80000,0x0000000018f80000)]
  0x0000000018789000 JavaThread "Signal Dispatcher" daemon [_thread_blocked, id=17908, stack(0x0000000018d80000,0x0000000018e80000)]
  0x0000000018780800 JavaThread "Finalizer" daemon [_thread_blocked, id=17444, stack(0x0000000018b60000,0x0000000018c60000)]
  0x000000001687a800 JavaThread "Reference Handler" daemon [_thread_blocked, id=12352, stack(0x0000000018660000,0x0000000018760000)]
  0x0000000002abe000 JavaThread "main" [_thread_blocked, id=17480, stack(0x0000000002700000,0x0000000002800000)]

Other Threads:
  0x0000000016875800 VMThread [stack: 0x0000000018560000,0x0000000018660000] [id=23512]
  0x000000001881e800 WatcherThread [stack: 0x0000000019480000,0x0000000019580000] [id=6140]

VM state:not at safepoint (normal execution)

VM Mutex/Monitor currently owned by a thread: None

Heap:
 PSYoungGen      total 497664K, used 18726K [0x00000000e0000000, 0x0000000100000000, 0x0000000100000000)
  eden space 473600K, 3% used [0x00000000e0000000,0x00000000e0e63fe0,0x00000000fce80000)
  from space 24064K, 16% used [0x00000000fe600000,0x00000000fe9e5a20,0x00000000ffd80000)
  to   space 24064K, 0% used [0x00000000fce80000,0x00000000fce80000,0x00000000fe600000)
 ParOldGen       total 126464K, used 110705K [0x00000000a0000000, 0x00000000a7b80000, 0x00000000e0000000)
  object space 126464K, 87% used [0x00000000a0000000,0x00000000a6c1c598,0x00000000a7b80000)
 Metaspace       used 87222K, capacity 93704K, committed 93824K, reserved 1130496K
  class space    used 10691K, capacity 11789K, committed 11904K, reserved 1048576K

Card table byte_map: [0x0000000011e80000,0x0000000012190000] byte_map_base: 0x0000000011980000

Marking Bits: (ParMarkBitMap*) 0x0000000052224970
 Begin Bits: [0x0000000012b90000, 0x0000000014390000)
 End Bits:   [0x0000000014390000, 0x0000000015b90000)

Polling page: 0x0000000000e20000

CodeCache: size=245760Kb used=86284Kb max_used=86310Kb free=159475Kb
 bounds [0x0000000002ac0000, 0x0000000007f90000, 0x0000000011ac0000]
 total_blobs=22900 nmethods=22057 adapters=753
 compilation: enabled

Compilation events (10 events):
Event: 19883.084 Thread 0x000000001879a000 31487       3       com.android.manifmerger.MergingReport$Builder::<init> (84 bytes)
Event: 19883.094 Thread 0x000000001879a000 nmethod 31487 0x0000000007f5d210 code [0x0000000007f5d4e0, 0x0000000007f5eb78]
Event: 19883.107 Thread 0x000000001879a000 31488       3       com.android.manifmerger.ManifestMerger2::merge (149 bytes)
Event: 19883.109 Thread 0x0000000018797000 31491       4       com.android.manifmerger.XmlAttribute::getName (8 bytes)
Event: 19883.145 Thread 0x000000001879a000 nmethod 31488 0x0000000007a60750 code [0x0000000007a60b00, 0x0000000007a62468]
Event: 19883.145 Thread 0x000000001879a000 31489       3       com.android.manifmerger.PreValidator::validate (21 bytes)
Event: 19883.145 Thread 0x000000001879a000 nmethod 31489 0x0000000005ccc550 code [0x0000000005ccc6e0, 0x0000000005ccc958]
Event: 19883.145 Thread 0x000000001879a000 31490       3       com.android.manifmerger.XmlDocument::getMinSdkVersion (24 bytes)
Event: 19883.147 Thread 0x000000001879a000 nmethod 31490 0x0000000005627550 code [0x0000000005627700, 0x0000000005627b68]
Event: 19883.161 Thread 0x0000000018797000 nmethod 31491 0x0000000004bb7050 code [0x0000000004bb71e0, 0x0000000004bb7978]

GC Heap History (10 events):
Event: 19447.010 GC heap before
{Heap before GC invocations=107 (full 5):
 PSYoungGen      total 499200K, used 482721K [0x00000000e0000000, 0x00000000ffe80000, 0x0000000100000000)
  eden space 475136K, 100% used [0x00000000e0000000,0x00000000fd000000,0x00000000fd000000)
  from space 24064K, 31% used [0x00000000fd000000,0x00000000fd768590,0x00000000fe780000)
  to   space 23040K, 0% used [0x00000000fe800000,0x00000000fe800000,0x00000000ffe80000)
 ParOldGen       total 126464K, used 97461K [0x00000000a0000000, 0x00000000a7b80000, 0x00000000e0000000)
  object space 126464K, 77% used [0x00000000a0000000,0x00000000a5f2d660,0x00000000a7b80000)
 Metaspace       used 86816K, capacity 92840K, committed 93184K, reserved 1130496K
  class space    used 10625K, capacity 11667K, committed 11776K, reserved 1048576K
Event: 19448.617 GC heap after
Heap after GC invocations=107 (full 5):
 PSYoungGen      total 496128K, used 20437K [0x00000000e0000000, 0x0000000100000000, 0x0000000100000000)
  eden space 473088K, 0% used [0x00000000e0000000,0x00000000e0000000,0x00000000fce00000)
  from space 23040K, 88% used [0x00000000fe800000,0x00000000ffbf5748,0x00000000ffe80000)
  to   space 25600K, 0% used [0x00000000fce00000,0x00000000fce00000,0x00000000fe700000)
 ParOldGen       total 126464K, used 101864K [0x00000000a0000000, 0x00000000a7b80000, 0x00000000e0000000)
  object space 126464K, 80% used [0x00000000a0000000,0x00000000a637a120,0x00000000a7b80000)
 Metaspace       used 86816K, capacity 92840K, committed 93184K, reserved 1130496K
  class space    used 10625K, capacity 11667K, committed 11776K, reserved 1048576K
}
Event: 19495.168 GC heap before
{Heap before GC invocations=108 (full 5):
 PSYoungGen      total 496128K, used 492502K [0x00000000e0000000, 0x0000000100000000, 0x0000000100000000)
  eden space 473088K, 99% used [0x00000000e0000000,0x00000000fcd003e0,0x00000000fce00000)
  from space 23040K, 88% used [0x00000000fe800000,0x00000000ffbf5748,0x00000000ffe80000)
  to   space 25600K, 0% used [0x00000000fce00000,0x00000000fce00000,0x00000000fe700000)
 ParOldGen       total 126464K, used 101864K [0x00000000a0000000, 0x00000000a7b80000, 0x00000000e0000000)
  object space 126464K, 80% used [0x00000000a0000000,0x00000000a637a120,0x00000000a7b80000)
 Metaspace       used 86833K, capacity 92844K, committed 93184K, reserved 1130496K
  class space    used 10625K, capacity 11667K, committed 11776K, reserved 1048576K
Event: 19495.490 GC heap after
Heap after GC invocations=108 (full 5):
 PSYoungGen      total 498688K, used 5608K [0x00000000e0000000, 0x0000000100000000, 0x0000000100000000)
  eden space 473088K, 0% used [0x00000000e0000000,0x00000000e0000000,0x00000000fce00000)
  from space 25600K, 21% used [0x00000000fce00000,0x00000000fd37a1f0,0x00000000fe700000)
  to   space 25088K, 0% used [0x00000000fe780000,0x00000000fe780000,0x0000000100000000)
 ParOldGen       total 126464K, used 103432K [0x00000000a0000000, 0x00000000a7b80000, 0x00000000e0000000)
  object space 126464K, 81% used [0x00000000a0000000,0x00000000a6502120,0x00000000a7b80000)
 Metaspace       used 86833K, capacity 92844K, committed 93184K, reserved 1130496K
  class space    used 10625K, capacity 11667K, committed 11776K, reserved 1048576K
}
Event: 19672.069 GC heap before
{Heap before GC invocations=109 (full 5):
 PSYoungGen      total 498688K, used 478696K [0x00000000e0000000, 0x0000000100000000, 0x0000000100000000)
  eden space 473088K, 100% used [0x00000000e0000000,0x00000000fce00000,0x00000000fce00000)
  from space 25600K, 21% used [0x00000000fce00000,0x00000000fd37a1f0,0x00000000fe700000)
  to   space 25088K, 0% used [0x00000000fe780000,0x00000000fe780000,0x0000000100000000)
 ParOldGen       total 126464K, used 103432K [0x00000000a0000000, 0x00000000a7b80000, 0x00000000e0000000)
  object space 126464K, 81% used [0x00000000a0000000,0x00000000a6502120,0x00000000a7b80000)
 Metaspace       used 87197K, capacity 93704K, committed 93824K, reserved 1130496K
  class space    used 10691K, capacity 11789K, committed 11904K, reserved 1048576K
Event: 19672.521 GC heap after
Heap after GC invocations=109 (full 5):
 PSYoungGen      total 498176K, used 14992K [0x00000000e0000000, 0x0000000100000000, 0x0000000100000000)
  eden space 473088K, 0% used [0x00000000e0000000,0x00000000e0000000,0x00000000fce00000)
  from space 25088K, 59% used [0x00000000fe780000,0x00000000ff6240d0,0x0000000100000000)
  to   space 25600K, 0% used [0x00000000fce00000,0x00000000fce00000,0x00000000fe700000)
 ParOldGen       total 126464K, used 103760K [0x00000000a0000000, 0x00000000a7b80000, 0x00000000e0000000)
  object space 126464K, 82% used [0x00000000a0000000,0x00000000a6554180,0x00000000a7b80000)
 Metaspace       used 87197K, capacity 93704K, committed 93824K, reserved 1130496K
  class space    used 10691K, capacity 11789K, committed 11904K, reserved 1048576K
}
Event: 19730.724 GC heap before
{Heap before GC invocations=110 (full 5):
 PSYoungGen      total 498176K, used 487416K [0x00000000e0000000, 0x0000000100000000, 0x0000000100000000)
  eden space 473088K, 99% used [0x00000000e0000000,0x00000000fcd5a188,0x00000000fce00000)
  from space 25088K, 59% used [0x00000000fe780000,0x00000000ff6240d0,0x0000000100000000)
  to   space 25600K, 0% used [0x00000000fce00000,0x00000000fce00000,0x00000000fe700000)
 ParOldGen       total 126464K, used 103760K [0x00000000a0000000, 0x00000000a7b80000, 0x00000000e0000000)
  object space 126464K, 82% used [0x00000000a0000000,0x00000000a6554180,0x00000000a7b80000)
 Metaspace       used 87200K, capacity 93704K, committed 93824K, reserved 1130496K
  class space    used 10691K, capacity 11789K, committed 11904K, reserved 1048576K
Event: 19733.560 GC heap after
Heap after GC invocations=110 (full 5):
 PSYoungGen      total 484352K, used 10793K [0x00000000e0000000, 0x00000000ffd80000, 0x0000000100000000)
  eden space 473088K, 0% used [0x00000000e0000000,0x00000000e0000000,0x00000000fce00000)
  from space 11264K, 95% used [0x00000000fce00000,0x00000000fd88a768,0x00000000fd900000)
  to   space 24064K, 0% used [0x00000000fe600000,0x00000000fe600000,0x00000000ffd80000)
 ParOldGen       total 126464K, used 109665K [0x00000000a0000000, 0x00000000a7b80000, 0x00000000e0000000)
  object space 126464K, 86% used [0x00000000a0000000,0x00000000a6b18528,0x00000000a7b80000)
 Metaspace       used 87200K, capacity 93704K, committed 93824K, reserved 1130496K
  class space    used 10691K, capacity 11789K, committed 11904K, reserved 1048576K
}
Event: 19879.510 GC heap before
{Heap before GC invocations=111 (full 5):
 PSYoungGen      total 484352K, used 483881K [0x00000000e0000000, 0x00000000ffd80000, 0x0000000100000000)
  eden space 473088K, 99% used [0x00000000e0000000,0x00000000fcdfff58,0x00000000fce00000)
  from space 11264K, 95% used [0x00000000fce00000,0x00000000fd88a768,0x00000000fd900000)
  to   space 24064K, 0% used [0x00000000fe600000,0x00000000fe600000,0x00000000ffd80000)
 ParOldGen       total 126464K, used 109665K [0x00000000a0000000, 0x00000000a7b80000, 0x00000000e0000000)
  object space 126464K, 86% used [0x00000000a0000000,0x00000000a6b18528,0x00000000a7b80000)
 Metaspace       used 87210K, capacity 93704K, committed 93824K, reserved 1130496K
  class space    used 10691K, capacity 11789K, committed 11904K, reserved 1048576K
Event: 19880.766 GC heap after
Heap after GC invocations=111 (full 5):
 PSYoungGen      total 497664K, used 3990K [0x00000000e0000000, 0x0000000100000000, 0x0000000100000000)
  eden space 473600K, 0% used [0x00000000e0000000,0x00000000e0000000,0x00000000fce80000)
  from space 24064K, 16% used [0x00000000fe600000,0x00000000fe9e5a20,0x00000000ffd80000)
  to   space 24064K, 0% used [0x00000000fce80000,0x00000000fce80000,0x00000000fe600000)
 ParOldGen       total 126464K, used 110705K [0x00000000a0000000, 0x00000000a7b80000, 0x00000000e0000000)
  object space 126464K, 87% used [0x00000000a0000000,0x00000000a6c1c598,0x00000000a7b80000)
 Metaspace       used 87210K, capacity 93704K, committed 93824K, reserved 1130496K
  class space    used 10691K, capacity 11789K, committed 11904K, reserved 1048576K
}

Deoptimization events (10 events):
Event: 18451.427 Thread 0x0000000024d3a800 Uncommon trap: reason=unstable_if action=reinterpret pc=0x0000000004bc1f84 method=com.android.builder.internal.packaging.IncrementalPackager.lambda$updateFiles$5(Ljava/util/Set;Ljava/lang/String;)Z @ 7
Event: 18451.428 Thread 0x0000000024d3a800 Uncommon trap: reason=unstable_if action=reinterpret pc=0x0000000003de3b24 method=java.util.function.Predicate.lambda$or$2(Ljava/util/function/Predicate;Ljava/lang/Object;)Z @ 7
Event: 18451.445 Thread 0x0000000024d3a800 Uncommon trap: reason=unstable_if action=reinterpret pc=0x0000000006e02824 method=com.android.apkzlib.zip.FileUseMap.locateFree(JJJLcom/android/apkzlib/zip/FileUseMap$PositionAlgorithm;)J @ 263
Event: 18453.687 Thread 0x000000001dcf4000 Uncommon trap: reason=unloaded action=reinterpret pc=0x000000000414a05c method=org.objectweb.asm.ClassReader.readConst(I[C)Ljava/lang/Object; @ 107
Event: 18453.836 Thread 0x000000001dcef800 Uncommon trap: reason=unstable_if action=reinterpret pc=0x0000000004161ca0 method=org.objectweb.asm.Frame.a(Lorg/objectweb/asm/ClassWriter;Ljava/lang/String;)V @ 24
Event: 18614.704 Thread 0x000000001c6ca800 Uncommon trap: reason=class_check action=maybe_recompile pc=0x0000000005f51024 method=org.gradle.model.internal.core.AbstractModelAction.<init>(Lorg/gradle/model/internal/core/ModelReference;Lorg/gradle/model/internal/core/rule/describe/ModelRuleDescripto
Event: 18614.708 Thread 0x000000001c6ca800 Uncommon trap: reason=class_check action=maybe_recompile pc=0x0000000005f51024 method=org.gradle.model.internal.core.AbstractModelAction.<init>(Lorg/gradle/model/internal/core/ModelReference;Lorg/gradle/model/internal/core/rule/describe/ModelRuleDescripto
Event: 18614.708 Thread 0x000000001c6ca800 Uncommon trap: reason=class_check action=maybe_recompile pc=0x0000000005f51024 method=org.gradle.model.internal.core.AbstractModelAction.<init>(Lorg/gradle/model/internal/core/ModelReference;Lorg/gradle/model/internal/core/rule/describe/ModelRuleDescripto
Event: 18614.709 Thread 0x000000001c6ca800 Uncommon trap: reason=class_check action=maybe_recompile pc=0x0000000005f51024 method=org.gradle.model.internal.core.AbstractModelAction.<init>(Lorg/gradle/model/internal/core/ModelReference;Lorg/gradle/model/internal/core/rule/describe/ModelRuleDescripto
Event: 19486.433 Thread 0x000000001aa64000 Uncommon trap: reason=unstable_if action=reinterpret pc=0x00000000056278b0 method=com.google.common.util.concurrent.AbstractFuture.get()Ljava/lang/Object; @ 116

Classes redefined (0 events):
No events

Internal exceptions (10 events):
Event: 19674.439 Thread 0x0000000028bfd000 Exception <a 'sun/nio/fs/WindowsException'> (0x00000000ee421398) thrown at [D:\src\AOSP-openjdk-cygwin\jdk8u\hotspot\src\share\vm\prims\jni.cpp, line 709]
Event: 19674.450 Thread 0x0000000028bfd000 Exception <a 'sun/nio/fs/WindowsException'> (0x00000000ee427e90) thrown at [D:\src\AOSP-openjdk-cygwin\jdk8u\hotspot\src\share\vm\prims\jni.cpp, line 709]
Event: 19674.465 Thread 0x0000000028c06000 Exception <a 'sun/nio/fs/WindowsException'> (0x00000000ee600118) thrown at [D:\src\AOSP-openjdk-cygwin\jdk8u\hotspot\src\share\vm\prims\jni.cpp, line 709]
Event: 19674.475 Thread 0x0000000028bfd000 Exception <a 'sun/nio/fs/WindowsException'> (0x00000000ee42efd0) thrown at [D:\src\AOSP-openjdk-cygwin\jdk8u\hotspot\src\share\vm\prims\jni.cpp, line 709]
Event: 19680.608 Thread 0x000000001e272800 Exception <a 'sun/nio/fs/WindowsException'> (0x00000000ef46b910) thrown at [D:\src\AOSP-openjdk-cygwin\jdk8u\hotspot\src\share\vm\prims\jni.cpp, line 709]
Event: 19682.313 Thread 0x0000000028bfa000 Exception <a 'sun/nio/fs/WindowsException'> (0x00000000f50fc690) thrown at [D:\src\AOSP-openjdk-cygwin\jdk8u\hotspot\src\share\vm\prims\jni.cpp, line 709]
Event: 19689.038 Thread 0x0000000024d3f800 Exception <a 'sun/nio/fs/WindowsException'> (0x00000000f53007c0) thrown at [D:\src\AOSP-openjdk-cygwin\jdk8u\hotspot\src\share\vm\prims\jni.cpp, line 709]
Event: 19690.621 Thread 0x0000000028bfa000 Exception <a 'sun/nio/fs/WindowsException'> (0x00000000fb2c50b0) thrown at [D:\src\AOSP-openjdk-cygwin\jdk8u\hotspot\src\share\vm\prims\jni.cpp, line 709]
Event: 19875.693 Thread 0x0000000028bf8800 Exception <a 'sun/nio/fs/WindowsException'> (0x00000000fbfdfac8) thrown at [D:\src\AOSP-openjdk-cygwin\jdk8u\hotspot\src\share\vm\prims\jni.cpp, line 709]
Event: 19875.883 Thread 0x0000000028bf8800 Exception <a 'sun/nio/fs/WindowsException'> (0x00000000fbfebc90) thrown at [D:\src\AOSP-openjdk-cygwin\jdk8u\hotspot\src\share\vm\prims\jni.cpp, line 709]

Events (10 events):
Event: 19882.657 Thread 0x000000001878d800 flushing nmethod 0x00000000079ff290
Event: 19882.666 Thread 0x000000001878d800 flushing nmethod 0x0000000007a5f790
Event: 19883.015 Executing VM operation: RevokeBias
Event: 19883.016 Executing VM operation: RevokeBias done
Event: 19883.016 Executing VM operation: RevokeBias
Event: 19883.016 Executing VM operation: RevokeBias done
Event: 19883.016 Executing VM operation: RevokeBias
Event: 19883.016 Executing VM operation: RevokeBias done
Event: 19883.016 Executing VM operation: RevokeBias
Event: 19883.016 Executing VM operation: RevokeBias done


Dynamic libraries:
0x00007ff76bab0000 - 0x00007ff76bae1000 	C:\Program Files\Android\Android Studio\jre\bin\java.exe
0x00007ffa46c50000 - 0x00007ffa46e31000 	C:\WINDOWS\SYSTEM32\ntdll.dll
0x00007ffa442b0000 - 0x00007ffa44362000 	C:\WINDOWS\System32\KERNEL32.DLL
0x00007ffa43b40000 - 0x00007ffa43db3000 	C:\WINDOWS\System32\KERNELBASE.dll
0x00007ffa44370000 - 0x00007ffa44411000 	C:\WINDOWS\System32\ADVAPI32.dll
0x00007ffa46700000 - 0x00007ffa4679e000 	C:\WINDOWS\System32\msvcrt.dll
0x00007ffa46ae0000 - 0x00007ffa46b3b000 	C:\WINDOWS\System32\sechost.dll
0x00007ffa44180000 - 0x00007ffa442a4000 	C:\WINDOWS\System32\RPCRT4.dll
0x00007ffa45f00000 - 0x00007ffa46090000 	C:\WINDOWS\System32\USER32.dll
0x00007ffa43020000 - 0x00007ffa43040000 	C:\WINDOWS\System32\win32u.dll
0x00007ffa45920000 - 0x00007ffa45948000 	C:\WINDOWS\System32\GDI32.dll
0x00007ffa43f40000 - 0x00007ffa440d2000 	C:\WINDOWS\System32\gdi32full.dll
0x00007ffa43aa0000 - 0x00007ffa43b3f000 	C:\WINDOWS\System32\msvcp_win.dll
0x00007ffa43e40000 - 0x00007ffa43f3a000 	C:\WINDOWS\System32\ucrtbase.dll
0x00007ffa3ad60000 - 0x00007ffa3afc9000 	C:\WINDOWS\WinSxS\amd64_microsoft.windows.common-controls_6595b64144ccf1df_6.0.17134.112_none_fb3f961b30681c12\COMCTL32.dll
0x00007ffa462d0000 - 0x00007ffa465f3000 	C:\WINDOWS\System32\combase.dll
0x00007ffa43dc0000 - 0x00007ffa43e3a000 	C:\WINDOWS\System32\bcryptPrimitives.dll
0x00007ffa46290000 - 0x00007ffa462bd000 	C:\WINDOWS\System32\IMM32.DLL
0x0000000051980000 - 0x0000000051a52000 	C:\Program Files\Android\Android Studio\jre\jre\bin\msvcr100.dll
0x0000000051a60000 - 0x000000005229f000 	C:\Program Files\Android\Android Studio\jre\jre\bin\server\jvm.dll
0x00007ffa466f0000 - 0x00007ffa466f8000 	C:\WINDOWS\System32\PSAPI.DLL
0x00007ffa3e6d0000 - 0x00007ffa3e6da000 	C:\WINDOWS\SYSTEM32\VERSION.dll
0x00007ffa353a0000 - 0x00007ffa353a9000 	C:\WINDOWS\SYSTEM32\WSOCK32.dll
0x00007ffa3fca0000 - 0x00007ffa3fcc3000 	C:\WINDOWS\SYSTEM32\WINMM.dll
0x00007ffa3fc60000 - 0x00007ffa3fc8a000 	C:\WINDOWS\SYSTEM32\WINMMBASE.dll
0x00007ffa46600000 - 0x00007ffa4666c000 	C:\WINDOWS\System32\WS2_32.dll
0x00007ffa43860000 - 0x00007ffa438a9000 	C:\WINDOWS\System32\cfgmgr32.dll
0x00007ffa3fce0000 - 0x00007ffa3fcef000 	C:\Program Files\Android\Android Studio\jre\jre\bin\verify.dll
0x00007ffa3f570000 - 0x00007ffa3f599000 	C:\Program Files\Android\Android Studio\jre\jre\bin\java.dll
0x00007ffa3a6b0000 - 0x00007ffa3a6c6000 	C:\Program Files\Android\Android Studio\jre\jre\bin\zip.dll
0x00007ffa44420000 - 0x00007ffa45860000 	C:\WINDOWS\System32\SHELL32.dll
0x00007ffa46b60000 - 0x00007ffa46c09000 	C:\WINDOWS\System32\shcore.dll
0x00007ffa43040000 - 0x00007ffa4374d000 	C:\WINDOWS\System32\windows.storage.dll
0x00007ffa458c0000 - 0x00007ffa45911000 	C:\WINDOWS\System32\shlwapi.dll
0x00007ffa42f60000 - 0x00007ffa42f71000 	C:\WINDOWS\System32\kernel.appcore.dll
0x00007ffa42fb0000 - 0x00007ffa42fcf000 	C:\WINDOWS\System32\profapi.dll
0x00007ffa42fd0000 - 0x00007ffa4301c000 	C:\WINDOWS\System32\powrprof.dll
0x00007ffa42f80000 - 0x00007ffa42f8a000 	C:\WINDOWS\System32\FLTLIB.DLL
0x00007ffa2f180000 - 0x00007ffa2f19a000 	C:\Program Files\Android\Android Studio\jre\jre\bin\net.dll
0x00007ffa427e0000 - 0x00007ffa42846000 	C:\WINDOWS\system32\mswsock.dll
0x00007ffa285f0000 - 0x00007ffa28601000 	C:\Program Files\Android\Android Studio\jre\jre\bin\nio.dll
0x00007ffa40300000 - 0x00007ffa4031e000 	C:\Users\Roland\.gradle\native\25\windows-amd64\native-platform.dll
0x00007ffa3fcd0000 - 0x00007ffa3fcdd000 	C:\Program Files\Android\Android Studio\jre\jre\bin\management.dll
0x00007ffa42990000 - 0x00007ffa429a7000 	C:\WINDOWS\SYSTEM32\CRYPTSP.dll
0x00007ffa423c0000 - 0x00007ffa423f3000 	C:\WINDOWS\system32\rsaenh.dll
0x00007ffa42ac0000 - 0x00007ffa42ae5000 	C:\WINDOWS\SYSTEM32\bcrypt.dll
0x00007ffa42e60000 - 0x00007ffa42e88000 	C:\WINDOWS\SYSTEM32\USERENV.dll
0x00007ffa429b0000 - 0x00007ffa429bb000 	C:\WINDOWS\SYSTEM32\CRYPTBASE.dll
0x00007ffa42560000 - 0x00007ffa42598000 	C:\WINDOWS\SYSTEM32\IPHLPAPI.DLL
0x00007ffa46c10000 - 0x00007ffa46c18000 	C:\WINDOWS\System32\NSI.dll
0x00007ffa3da60000 - 0x00007ffa3da76000 	C:\WINDOWS\SYSTEM32\dhcpcsvc6.DLL
0x00007ffa3ddd0000 - 0x00007ffa3ddea000 	C:\WINDOWS\SYSTEM32\dhcpcsvc.DLL
0x00007ffa42050000 - 0x00007ffa42081000 	C:\WINDOWS\SYSTEM32\ntmarta.dll

VM Arguments:
jvm_args: -Xmx1536m -Dfile.encoding=windows-1252 -Duser.country=DE -Duser.language=de -Duser.variant 
java_command: org.gradle.launcher.daemon.bootstrap.GradleDaemon 4.4
java_class_path (initial): C:\Users\Roland\.gradle\wrapper\dists\gradle-4.4-all\9br9xq1tocpiv8o6njlyu5op1\gradle-4.4\lib\gradle-launcher-4.4.jar
Launcher Type: SUN_STANDARD

Environment Variables:
PATH=C:\ProgramData\Oracle\Java\javapath;C:\WINDOWS\system32;C:\WINDOWS;C:\WINDOWS\System32\Wbem;C:\WINDOWS\System32\WindowsPowerShell\v1.0\;C:\Program Files (x86)\Common Files\Adobe\AGL;C:\Program Files\Git\cmd;C:\Program Files\Calibre2\;C:\Program Files\nodejs\;C:\Program Files (x86)\Common Files\Apple\Apple Application Support;C:\FPC\3.0.4\bin\i386-Win32;C:\WINDOWS\system32;C:\WINDOWS;C:\WINDOWS\System32\Wbem;C:\WINDOWS\System32\WindowsPowerShell\v1.0\;C:\WINDOWS\System32\OpenSSH\;C:\Users\Roland\AppData\Local\Microsoft\WindowsApps;C:\Users\Roland\AppData\Roaming\npm;C:\Program Files\Microsoft VS Code\bin;
USERNAME=Roland
OS=Windows_NT
PROCESSOR_IDENTIFIER=Intel64 Family 6 Model 42 Stepping 7, GenuineIntel



---------------  S Y S T E M  ---------------

OS: Windows 10.0 , 64 bit Build 17134 (10.0.17134.1)

CPU:total 8 (initial active 8) (4 cores per cpu, 2 threads per core) family 6 model 42 stepping 7, cmov, cx8, fxsr, mmx, sse, sse2, sse3, ssse3, sse4.1, sse4.2, popcnt, avx, aes, clmul, ht, tsc, tscinvbit

Memory: 4k page, physical 4175072k(297276k free), swap 16757984k(6104k free)

vm_info: OpenJDK 64-Bit Server VM (25.152-b02) for windows-amd64 JRE (1.8.0_152-release-1024-b02), built by "builder" with MS VC++ 10.0 (VS2010)

time: Tue Jun 26 14:43:15 2018
elapsed time: 19883 seconds (0d 5h 31m 23s)

